[+] Containers:
 |- [+] Container: /Game/ThirdPerson/Maps/ThirdPersonMap
 |   |- [+] ActorDescs:
 |   |   |- Guid:02F8E85C434999BA5FD3FBAAAA32A392 BaseClass: NativeClass:/Script/Engine.StaticMeshActor Name:StaticMeshActor_UAID_581122DD7C94806F01_1952092908 Label:cookies_CV2_123 SpatiallyLoaded:1 Bounds:IsValid=true, Min=(X=2995.930 Y=3076.001 Z=307.780), Max=(X=3878.492 Y=3814.495 Z=918.139) RuntimeGrid:None EditorOnly:0 RuntimeOnly:0 HLODRelevant:1
 |   |   |- Guid:09D6EA2847E9D9166C3430AB98AF6D29 BaseClass: NativeClass:/Script/Engine.StaticMeshActor Name:StaticMeshActor_UAID_581122DD7C94726F01_1447752446 Label:Candies_FBX_bombom_t2_1 SpatiallyLoaded:1 Bounds:IsValid=true, Min=(X=100.340 Y=3418.372 Z=1878.677), Max=(X=249.681 Y=3602.297 Z=2062.602) RuntimeGrid:None EditorOnly:0 RuntimeOnly:0 HLODRelevant:1 FolderPath:WallChocolates FolderGuid:EAD82AEA4E8312B76E66FE9FB5F6F8FB
 |   |   |- Guid:0CD6D87246258D0A4353CC8515733625 BaseClass: NativeClass:/Script/Engine.StaticMeshActor Name:StaticMeshActor_UAID_581122DD7C94527301_1631642034 Label:cookies_Lid SpatiallyLoaded:1 Bounds:IsValid=true, Min=(X=51.737 Y=3244.544 Z=953.939), Max=(X=552.881 Y=3744.902 Z=1081.582) RuntimeGrid:None EditorOnly:0 RuntimeOnly:0 HLODRelevant:1
 |   |   |- Guid:0DDD12C64C035A9C55958189F8D6A1AF BaseClass:/Game/BPs/Bugs/LowGravityBug.LowGravityBug_C NativeClass:/Script/Engine.Actor Name:LowGravityBug_C_UAID_38F3AB932ED8B86E01_1195623710 Label:LowGravityBug3 SpatiallyLoaded:1 Bounds:IsValid=true, Min=(X=1979.679 Y=2017.855 Z=535.168), Max=(X=2210.919 Y=2258.375 Z=720.521) RuntimeGrid:None EditorOnly:0 RuntimeOnly:0 HLODRelevant:0
 |   |   |- Guid:17BF84554C955A02A26541AF9B79243F BaseClass: NativeClass:/Script/Engine.StaticMeshActor Name:StaticMeshActor_UAID_581122DD7C947B6F01_1859186024 Label:Cakes_Slice2 SpatiallyLoaded:1 Bounds:IsValid=true, Min=(X=5862.930 Y=134.322 Z=630.000), Max=(X=6221.387 Y=714.322 Z=1272.867) RuntimeGrid:None EditorOnly:0 RuntimeOnly:0 HLODRelevant:1
 |   |   |- Guid:18D7530C4CFDCB8DACD4E39D966717C7 BaseClass: NativeClass:/Script/Engine.StaticMeshActor Name:StaticMeshActor_UAID_581122DD7C94796F01_1348208698 Label:smore_Roundcube_002 SpatiallyLoaded:1 Bounds:IsValid=true, Min=(X=1941.626 Y=1866.392 Z=528.653), Max=(X=2465.200 Y=2390.790 Z=640.946) RuntimeGrid:None EditorOnly:0 RuntimeOnly:0 HLODRelevant:1
 |   |   |- Guid:1E0610234EE29A4058074FB2A7441282 BaseClass: NativeClass:/Script/Engine.StaticMeshActor Name:StaticMeshActor_UAID_581122DD7C94C06E01_1728550111 Label:Ceiling SpatiallyLoaded:1 Bounds:IsValid=true, Min=(X=0.000 Y=0.000 Z=2090.000), Max=(X=6200.000 Y=3800.000 Z=2190.000) RuntimeGrid:None EditorOnly:0 RuntimeOnly:0 HLODRelevant:1 FolderPath:Puzzle Room FolderGuid:C73F09FC4215536B1DCE2A9E0A830C70
 |   |   |- Guid:20F9A4D14992E5D9ACCEAB9CBEA67E18 BaseClass:/Game/BPs/Bugs/LowGravityBug.LowGravityBug_C NativeClass:/Script/Engine.Actor Name:LowGravityBug_C_UAID_38F3AB932ED8B86E01_1186860708 Label:LowGravityBug SpatiallyLoaded:1 Bounds:IsValid=true, Min=(X=2099.740 Y=1904.380 Z=527.324), Max=(X=2340.260 Y=2135.620 Z=712.676) RuntimeGrid:None EditorOnly:0 RuntimeOnly:0 HLODRelevant:0
 |   |   |- Guid:21444719497E06DEBA136EA143B6FCBB BaseClass: NativeClass:/Script/Engine.StaticMeshActor Name:StaticMeshActor_UAID_581122DD7C94726F01_2000902448 Label:Candies_FBX_cereja_2 SpatiallyLoaded:1 Bounds:IsValid=true, Min=(X=3999.095 Y=66.789 Z=323.037), Max=(X=4529.910 Y=699.622 Z=1057.596) RuntimeGrid:None EditorOnly:0 RuntimeOnly:0 HLODRelevant:1
 |   |   |- Guid:2721C1C44835CF5F30CF9EBE5D154097 BaseClass:/Game/BPs/Bugs/GrowBug.GrowBug_C NativeClass:/Script/Engine.Actor Name:GrowBug_C_UAID_38F3AB932ED8D66C01_1747510873 Label:GrowBug3 SpatiallyLoaded:1 Bounds:IsValid=true, Min=(X=1013.183 Y=2783.183 Z=590.131), Max=(X=1206.817 Y=2976.817 Z=729.869) RuntimeGrid:None EditorOnly:0 RuntimeOnly:0 HLODRelevant:0
 |   |   |- Guid:2925AB3F48CFF5ACD753118540F26172 BaseClass:/Game/BPs/Room/BP_Marshmallow.BP_Marshmallow_C NativeClass:/Script/Engine.Actor Name:StaticMeshActor_UAID_84699371839EBF7201_1350242166 Label:Marshmallow7 SpatiallyLoaded:1 Bounds:IsValid=true, Min=(X=-131.659 Y=-211.829 Z=-108.876), Max=(X=3566.475 Y=987.681 Z=653.275) RuntimeGrid:None EditorOnly:0 RuntimeOnly:0 HLODRelevant:1 FolderPath:Marshmallows FolderGuid:D14AABB849741A4C48BF7786BAAD9FA5
 |   |   |- Guid:2FB58999456391D349DC0F86DAC136ED BaseClass: NativeClass:/Script/Engine.SkyLight Name:SkyLight_1 Label:SkyLight SpatiallyLoaded:0 Bounds:IsValid=true, Min=(X=0.000 Y=0.000 Z=690.000), Max=(X=0.000 Y=0.000 Z=690.000) RuntimeGrid:None EditorOnly:0 RuntimeOnly:0 HLODRelevant:0 FolderPath:Lighting FolderGuid:963EC3EB4002CCE9759E2EBA541A873A
 |   |   |- Guid:2FBED35E41D9F9B819C31A97F57A2E92 BaseClass: NativeClass:/Script/Engine.StaticMeshActor Name:StaticMeshActor_UAID_581122DD7C94776F01_1239798336 Label:Candies_FBX_bombom_t3_4 SpatiallyLoaded:1 Bounds:IsValid=true, Min=(X=98.515 Y=1121.741 Z=1875.114), Max=(X=254.864 Y=1311.258 Z=2064.631) RuntimeGrid:None EditorOnly:0 RuntimeOnly:0 HLODRelevant:1 FolderPath:WallChocolates FolderGuid:EAD82AEA4E8312B76E66FE9FB5F6F8FB
 |   |   |- Guid:316CF2A6494ACA4C0E4180A87D36AB8F BaseClass: NativeClass:/Script/Engine.ExponentialHeightFog Name:ExponentialHeightFog_0 Label:ExponentialHeightFog SpatiallyLoaded:0 Bounds:IsValid=true, Min=(X=-5600.000 Y=-50.000 Z=-6850.000), Max=(X=-5600.000 Y=-50.000 Z=-6850.000) RuntimeGrid:None EditorOnly:0 RuntimeOnly:0 HLODRelevant:0 FolderPath:Lighting FolderGuid:963EC3EB4002CCE9759E2EBA541A873A
 |   |   |- Guid:322503214F06F2493AD2BD9EE6E0949A BaseClass:/Game/BPs/Room/BP_LollipopPendulum.BP_LollipopPendulum_C NativeClass:/Script/Engine.Actor Name:BP_LollipopPendulum_C_UAID_581122DD7C94256F01_1126420887 Label:BP_LollipopPendulum SpatiallyLoaded:1 Bounds:IsValid=true, Min=(X=3056.900 Y=1600.879 Z=561.900), Max=(X=3560.857 Y=2137.100 Z=2111.500) RuntimeGrid:None EditorOnly:0 RuntimeOnly:0 HLODRelevant:0
 |   |   |- Guid:39FCFDB34A35EAF604EDE9B6E7305719 BaseClass: NativeClass:/Script/Engine.StaticMeshActor Name:StaticMeshActor_UAID_581122DD7C94806F01_2041580909 Label:cookies_CV2_124 SpatiallyLoaded:1 Bounds:IsValid=true, Min=(X=3350.301 Y=2738.011 Z=380.105), Max=(X=4127.487 Y=3490.232 Z=735.836) RuntimeGrid:None EditorOnly:0 RuntimeOnly:0 HLODRelevant:1
 |   |   |- Guid:3A00AA1C422CE54C0BDB60BAF471BFBB BaseClass: NativeClass:/Script/Engine.PlayerStart Name:PlayerStart_0 Label:PlayerStart SpatiallyLoaded:0 Bounds:IsValid=true, Min=(X=920.000 Y=2050.000 Z=660.013), Max=(X=1000.000 Y=2130.000 Z=844.013) RuntimeGrid:None EditorOnly:0 RuntimeOnly:0 HLODRelevant:0
 |   |   |- Guid:4D3BE93F4146AAAC8BBE79999D96D57F BaseClass: NativeClass:/Script/Engine.VolumetricCloud Name:VolumetricCloud_0 Label:VolumetricCloud SpatiallyLoaded:0 Bounds:IsValid=true, Min=(X=0.000 Y=0.000 Z=820.000), Max=(X=0.000 Y=0.000 Z=820.000) RuntimeGrid:None EditorOnly:0 RuntimeOnly:0 HLODRelevant:0 FolderPath:Lighting FolderGuid:963EC3EB4002CCE9759E2EBA541A873A
 |   |   |- Guid:51F34DBA42A04219B4CAD7B50A3DC7AD BaseClass: NativeClass:/Script/Engine.StaticMeshActor Name:StaticMeshActor_UAID_581122DD7C94776F01_1205803334 Label:Candies_FBX_bombom_t3_3 SpatiallyLoaded:1 Bounds:IsValid=true, Min=(X=98.515 Y=2101.741 Z=1875.114), Max=(X=254.864 Y=2291.258 Z=2064.631) RuntimeGrid:None EditorOnly:0 RuntimeOnly:0 HLODRelevant:1 FolderPath:WallChocolates FolderGuid:EAD82AEA4E8312B76E66FE9FB5F6F8FB
 |   |   |- Guid:521CB1954D664D90AB42609793C62042 BaseClass: NativeClass:/Script/Engine.StaticMeshActor Name:StaticMeshActor_UAID_581122DD7C945E6F01_1469040964 Label:CookieFloor2 SpatiallyLoaded:1 Bounds:IsValid=true, Min=(X=4663.323 Y=100.247 Z=570.000), Max=(X=6102.830 Y=3699.753 Z=630.000) RuntimeGrid:None EditorOnly:0 RuntimeOnly:0 HLODRelevant:1
 |   |   |- Guid:5253BAEA4E1E33711DBF18A7845EBD6F BaseClass: NativeClass:/Script/Engine.DirectionalLight Name:DirectionalLight_UAID_581122DD7C94C16E01_1193342289 Label:DirectionalLight SpatiallyLoaded:0 Bounds:IsValid=true, Min=(X=-4398046511104.000 Y=-4398046511104.000 Z=-4398046511104.000), Max=(X=4398046511104.000 Y=4398046511104.000 Z=4398046511104.000) RuntimeGrid:None EditorOnly:0 RuntimeOnly:0 HLODRelevant:0 FolderPath:Lighting FolderGuid:963EC3EB4002CCE9759E2EBA541A873A
 |   |   |- Guid:593A39714FF208D3AB368A8B4A64AEFC BaseClass:/Game/BPs/Room/BP_Marshmallow.BP_Marshmallow_C NativeClass:/Script/Engine.Actor Name:StaticMeshActor_UAID_84699371839EBF7201_1257983164 Label:Marshmallow5 SpatiallyLoaded:1 Bounds:IsValid=true, Min=(X=-160.482 Y=-219.553 Z=-108.876), Max=(X=2848.337 Y=1433.739 Z=653.275) RuntimeGrid:None EditorOnly:0 RuntimeOnly:0 HLODRelevant:1 FolderPath:Marshmallows FolderGuid:D14AABB849741A4C48BF7786BAAD9FA5
 |   |   |- Guid:5987CE4B47AC111DAC98C1868F5BA75C BaseClass: NativeClass:/Script/Engine.StaticMeshActor Name:StaticMeshActor_UAID_581122DD7C94816F01_1114526086 Label:cookies_CV2_125 SpatiallyLoaded:1 Bounds:IsValid=true, Min=(X=2552.771 Y=2985.301 Z=223.695), Max=(X=3341.962 Y=3853.077 Z=756.487) RuntimeGrid:None EditorOnly:0 RuntimeOnly:0 HLODRelevant:1
 |   |   |- Guid:601FD98546C55F2C8652C88AA148E97A BaseClass: NativeClass:/Script/Engine.StaticMeshActor Name:StaticMeshActor_UAID_581122DD7C94776F01_1129121332 Label:Candies_FBX_bombom_t2_2 SpatiallyLoaded:1 Bounds:IsValid=true, Min=(X=100.340 Y=2558.372 Z=1878.677), Max=(X=249.681 Y=2742.297 Z=2062.602) RuntimeGrid:None EditorOnly:0 RuntimeOnly:0 HLODRelevant:1 FolderPath:WallChocolates FolderGuid:EAD82AEA4E8312B76E66FE9FB5F6F8FB
 |   |   |- Guid:6BAF4DDD444C60371492D3919DB42C97 BaseClass: NativeClass:/Script/Engine.WorldDataLayers Name:WorldDataLayers Label:WorldDataLayers SpatiallyLoaded:0 Bounds:IsValid=true, Min=(X=0.000 Y=0.000 Z=0.000), Max=(X=0.000 Y=0.000 Z=0.000) RuntimeGrid:None EditorOnly:0 RuntimeOnly:0 HLODRelevant:0
 |   |   |- Guid:6DADBEDE43F91F9BC01561BB90E0801D BaseClass:/Game/BPs/Bugs/GrowBug.GrowBug_C NativeClass:/Script/Engine.Actor Name:GrowBug_C_UAID_38F3AB932ED8D66C01_1745495872 Label:GrowBug2 SpatiallyLoaded:1 Bounds:IsValid=true, Min=(X=350.131 Y=1690.131 Z=600.131), Max=(X=489.869 Y=1829.869 Z=739.869) RuntimeGrid:None EditorOnly:0 RuntimeOnly:0 HLODRelevant:0
 |   |   |- Guid:7164B5794C46B39B5077CFB54547AF54 BaseClass:/Game/BPs/Room/BP_ResetArea.BP_ResetArea_C NativeClass:/Script/Engine.Actor Name:BP_ResetArea_C_UAID_38F3AB932ED8797201_1233188839 Label:BP_ResetArea SpatiallyLoaded:1 Bounds:IsValid=true, Min=(X=3638.000 Y=2058.000 Z=3.600), Max=(X=3702.000 Y=2122.000 Z=16.400) RuntimeGrid:None EditorOnly:0 RuntimeOnly:0 HLODRelevant:0
 |   |   |- Guid:71A0AF034D37D979923AF78F6F279296 BaseClass:/Game/BPs/Room/BP_Marshmallow.BP_Marshmallow_C NativeClass:/Script/Engine.Actor Name:StaticMeshActor_UAID_84699371839EBE7201_2017560985 Label:Marshmallow2 SpatiallyLoaded:1 Bounds:IsValid=true, Min=(X=-219.553 Y=-160.481 Z=-108.876), Max=(X=1912.139 Y=1195.667 Z=663.275) RuntimeGrid:None EditorOnly:0 RuntimeOnly:0 HLODRelevant:1 FolderPath:Marshmallows FolderGuid:D14AABB849741A4C48BF7786BAAD9FA5
 |   |   |- Guid:76EA625B4BBA571B21DBD9932D44A6BF BaseClass: NativeClass:/Script/Engine.StaticMeshActor Name:StaticMeshActor_UAID_581122DD7C94FC7201_1216364896 Label:StaticMeshActor SpatiallyLoaded:1 Bounds:IsValid=true, Min=(X=2490.000 Y=1130.000 Z=640.000), Max=(X=2490.000 Y=1130.000 Z=640.000) RuntimeGrid:None EditorOnly:0 RuntimeOnly:0 HLODRelevant:0
 |   |   |- Guid:77F8A2B14EAE68A8636143BCBD1DF560 BaseClass:/Game/BPs/Room/BP_Marshmallow.BP_Marshmallow_C NativeClass:/Script/Engine.Actor Name:StaticMeshActor_UAID_84699371839EBF7201_1381319167 Label:Marshmallow8 SpatiallyLoaded:1 Bounds:IsValid=true, Min=(X=-184.429 Y=-220.605 Z=-108.876), Max=(X=4194.997 Y=1305.577 Z=653.275) RuntimeGrid:None EditorOnly:0 RuntimeOnly:0 HLODRelevant:1 FolderPath:Marshmallows FolderGuid:D14AABB849741A4C48BF7786BAAD9FA5
 |   |   |- Guid:7B32618A4C033B18F408DDB5FD2161B1 BaseClass: NativeClass:/Script/Engine.StaticMeshActor Name:StaticMeshActor_UAID_581122DD7C945D6F01_1094062783 Label:WallMMs SpatiallyLoaded:1 Bounds:IsValid=true, Min=(X=101.731 Y=104.793 Z=1984.533), Max=(X=6101.546 Y=155.207 Z=2090.327) RuntimeGrid:None EditorOnly:0 RuntimeOnly:0 HLODRelevant:1
 |   |   |- Guid:7B755803474299CFBD7A46ABA7335FEB BaseClass: NativeClass:/Script/Engine.StaticMeshActor Name:StaticMeshActor_UAID_581122DD7C94FC7201_1220089897 Label:StaticMeshActor2 SpatiallyLoaded:1 Bounds:IsValid=true, Min=(X=3310.000 Y=850.000 Z=580.000), Max=(X=3310.000 Y=850.000 Z=580.000) RuntimeGrid:None EditorOnly:0 RuntimeOnly:0 HLODRelevant:0
 |   |   |- Guid:7C00BC754D1FDD824078C4B77CFBBF1C BaseClass: NativeClass:/Script/Engine.StaticMeshActor Name:StaticMeshActor_UAID_581122DD7C94527301_1824932036 Label:cookies_CV6_5 SpatiallyLoaded:1 Bounds:IsValid=true, Min=(X=223.211 Y=3216.489 Z=629.750), Max=(X=597.280 Y=3594.692 Z=727.870) RuntimeGrid:None EditorOnly:0 RuntimeOnly:0 HLODRelevant:1
 |   |   |- Guid:7E3A3A9E410444269D982E8281FBD94A BaseClass: NativeClass:/Script/Engine.StaticMeshActor Name:StaticMeshActor_UAID_581122DD7C945F6F01_2141517113 Label:ChocolateWall SpatiallyLoaded:1 Bounds:IsValid=true, Min=(X=87.462 Y=100.521 Z=515.341), Max=(X=6090.633 Y=122.355 Z=2089.691) RuntimeGrid:None EditorOnly:0 RuntimeOnly:0 HLODRelevant:1
 |   |   |- Guid:84E277764DBE3D8BE7EDA1ADDF6D1D59 BaseClass:/Game/BPs/Bugs/LowGravityBug.LowGravityBug_C NativeClass:/Script/Engine.Actor Name:LowGravityBug_C_UAID_38F3AB932ED8B86E01_1190558709 Label:LowGravityBug2 SpatiallyLoaded:1 Bounds:IsValid=true, Min=(X=2180.000 Y=2127.324 Z=567.324), Max=(X=2340.000 Y=2312.676 Z=752.676) RuntimeGrid:None EditorOnly:0 RuntimeOnly:0 HLODRelevant:0
 |   |   |- Guid:8522CBF44F407F72B3F4A291EC5FFE28 BaseClass:/Game/BPs/Room/BP_Door.BP_Door_C NativeClass:/Script/Engine.Actor Name:BP_Door_C_UAID_38F3AB932ED85C7001_1451106623 Label:BP_Door SpatiallyLoaded:1 Bounds:IsValid=true, Min=(X=5745.977 Y=1616.048 Z=886.842), Max=(X=6454.023 Y=2223.952 Z=1498.043) RuntimeGrid:None EditorOnly:0 RuntimeOnly:0 HLODRelevant:0
 |   |   |- Guid:8AEDC75F450C0AEBDDCF05B1979F46B0 BaseClass:/Game/BPs/Room/BP_PeppermintHit.BP_PeppermintHit_C NativeClass:/Script/Engine.Actor Name:PeppermintHit_C_UAID_84699371839E786F01_1939502495 Label:PeppermintHit SpatiallyLoaded:1 Bounds:IsValid=true, Min=(X=1260.267 Y=1559.415 Z=628.000), Max=(X=1460.118 Y=1760.225 Z=695.003) RuntimeGrid:None EditorOnly:0 RuntimeOnly:0 HLODRelevant:0
 |   |   |- Guid:978B42394F079F4949DD299DA3CDA9BD BaseClass: NativeClass:/Script/Engine.StaticMeshActor Name:StaticMeshActor_UAID_581122DD7C94786F01_1671829519 Label:Cakes_Slice SpatiallyLoaded:1 Bounds:IsValid=true, Min=(X=5540.967 Y=2996.941 Z=630.000), Max=(X=6076.178 Y=3664.562 Z=1272.867) RuntimeGrid:None EditorOnly:0 RuntimeOnly:0 HLODRelevant:1
 |   |   |- Guid:9D6615B54C423FD01FF63B9C5BF15469 BaseClass: NativeClass:/Script/Engine.StaticMeshActor Name:StaticMeshActor_UAID_581122DD7C94606F01_1111870290 Label:ChocolateWall2 SpatiallyLoaded:1 Bounds:IsValid=true, Min=(X=105.056 Y=3687.644 Z=515.341), Max=(X=6108.228 Y=3709.477 Z=2089.691) RuntimeGrid:None EditorOnly:0 RuntimeOnly:0 HLODRelevant:1
 |   |   |- Guid:9ED8955A4B18BD726C4919A176CB82D3 BaseClass: NativeClass:/Script/Engine.StaticMeshActor Name:StaticMeshActor_UAID_581122DD7C94776F01_1232811335 Label:Candies_FBX_bombom_t2_3 SpatiallyLoaded:1 Bounds:IsValid=true, Min=(X=100.340 Y=1648.372 Z=1878.677), Max=(X=249.681 Y=1832.297 Z=2062.602) RuntimeGrid:None EditorOnly:0 RuntimeOnly:0 HLODRelevant:1 FolderPath:WallChocolates FolderGuid:EAD82AEA4E8312B76E66FE9FB5F6F8FB
 |   |   |- Guid:A13819B349DE5B130A1E3B889AC9CB94 BaseClass: NativeClass:/Script/Engine.StaticMeshActor Name:StaticMeshActor_UAID_581122DD7C945E6F01_1382664963 Label:CookieFloor SpatiallyLoaded:1 Bounds:IsValid=true, Min=(X=103.323 Y=100.247 Z=570.000), Max=(X=1542.830 Y=3699.753 Z=630.000) RuntimeGrid:None EditorOnly:0 RuntimeOnly:0 HLODRelevant:1
 |   |   |- Guid:A52AC8E84629584B09C365B162154BF0 BaseClass: NativeClass:/Script/Engine.StaticMeshActor Name:StaticMeshActor_UAID_581122DD7C94766F01_1394529155 Label:Candies_FBX_bombom_t3_1 SpatiallyLoaded:1 Bounds:IsValid=true, Min=(X=98.515 Y=191.741 Z=1875.114), Max=(X=254.864 Y=381.258 Z=2064.631) RuntimeGrid:None EditorOnly:0 RuntimeOnly:0 HLODRelevant:1 FolderPath:WallChocolates FolderGuid:EAD82AEA4E8312B76E66FE9FB5F6F8FB
 |   |   |- Guid:A56216954B2165CF0F35A886B537D536 BaseClass: NativeClass:/Script/Engine.StaticMeshActor Name:StaticMeshActor_0 Label:Front Wall SpatiallyLoaded:1 Bounds:IsValid=true, Min=(X=-0.000 Y=100.000 Z=-320.000), Max=(X=100.000 Y=3700.000 Z=2155.000) RuntimeGrid:None EditorOnly:0 RuntimeOnly:0 HLODRelevant:1 FolderPath:Puzzle Room FolderGuid:C73F09FC4215536B1DCE2A9E0A830C70
 |   |   |- Guid:A7193C7E4BAE7756DEB797B4165B20DE BaseClass: NativeClass:/Script/Engine.StaticMeshActor Name:StaticMeshActor_UAID_581122DD7C94BE6E01_2142860762 Label:Floor3 SpatiallyLoaded:1 Bounds:IsValid=true, Min=(X=1295.000 Y=10.000 Z=-640.000), Max=(X=4520.000 Y=3710.000 Z=10.000) RuntimeGrid:None EditorOnly:0 RuntimeOnly:0 HLODRelevant:0 FolderPath:Puzzle Room FolderGuid:C73F09FC4215536B1DCE2A9E0A830C70
 |   |   |- Guid:A8C20A4C4CA6B9E6D98AA8870555CF4F BaseClass: NativeClass:/Script/Engine.StaticMeshActor Name:StaticMeshActor_UAID_581122DD7C94527301_1537259032 Label:cookies_Cookie_Jar_V1 SpatiallyLoaded:1 Bounds:IsValid=true, Min=(X=136.066 Y=3141.846 Z=636.250), Max=(X=672.757 Y=3678.537 Z=987.814) RuntimeGrid:None EditorOnly:0 RuntimeOnly:0 HLODRelevant:1
 |   |   |- Guid:AD6F5A42411BB80FD5A8D2ABD43A5931 BaseClass: NativeClass:/Script/Engine.StaticMeshActor Name:StaticMeshActor_UAID_581122DD7C94726F01_1753425447 Label:Candies_FBX_cereja_1 SpatiallyLoaded:1 Bounds:IsValid=true, Min=(X=1892.913 Y=3059.776 Z=323.037), Max=(X=2179.480 Y=3625.059 Z=1057.596) RuntimeGrid:None EditorOnly:0 RuntimeOnly:0 HLODRelevant:1
 |   |   |- Guid:B41CB530466BEAA6865827A65E87642E BaseClass:/Game/BPs/Bugs/GrowBug.GrowBug_C NativeClass:/Script/Engine.Actor Name:GrowBug_C_UAID_38F3AB932ED8D66C01_1743230871 Label:GrowBug SpatiallyLoaded:1 Bounds:IsValid=true, Min=(X=1069.036 Y=2529.036 Z=590.131), Max=(X=1210.964 Y=2670.964 Z=729.869) RuntimeGrid:None EditorOnly:0 RuntimeOnly:0 HLODRelevant:0
 |   |   |- Guid:B815D1444E2FEA9C6DDF2F904A96BDF9 BaseClass: NativeClass:/Script/Engine.StaticMeshActor Name:StaticMeshActor_UAID_581122DD7C94796F01_1348195697 Label:smore_Roundcube_001 SpatiallyLoaded:1 Bounds:IsValid=true, Min=(X=1914.148 Y=1840.934 Z=481.218), Max=(X=2499.112 Y=2427.392 Z=615.234) RuntimeGrid:None EditorOnly:0 RuntimeOnly:0 HLODRelevant:1
 |   |   |- Guid:BC08B79C4EA3C961CFF75EBBE83B367D BaseClass: NativeClass:/Script/Engine.StaticMeshActor Name:StaticMeshActor_5 Label:Left Wall SpatiallyLoaded:1 Bounds:IsValid=true, Min=(X=0.000 Y=0.000 Z=-320.000), Max=(X=6200.000 Y=100.000 Z=2155.000) RuntimeGrid:None EditorOnly:0 RuntimeOnly:0 HLODRelevant:1 FolderPath:Puzzle Room FolderGuid:C73F09FC4215536B1DCE2A9E0A830C70
 |   |   |- Guid:BC7591B0466F741DBB9E808A4C038BCB BaseClass:/Game/BPs/Room/BP_Marshmallow.BP_Marshmallow_C NativeClass:/Script/Engine.Actor Name:StaticMeshActor_UAID_84699371839EBF7201_1297353165 Label:Marshmallow6 SpatiallyLoaded:1 Bounds:IsValid=true, Min=(X=-219.553 Y=-160.482 Z=-108.876), Max=(X=3042.139 Y=895.667 Z=653.275) RuntimeGrid:None EditorOnly:0 RuntimeOnly:0 HLODRelevant:1 FolderPath:Marshmallows FolderGuid:D14AABB849741A4C48BF7786BAAD9FA5
 |   |   |- Guid:BD16B7524C345491E55BC48488642126 BaseClass:/Game/BPs/Room/BP_ChocolateRiver.BP_ChocolateRiver_C NativeClass:/Script/Engine.Actor Name:NiagaraActor_UAID_581122DD7C94046F01_1145549080 Label:HotChocolateRiver SpatiallyLoaded:1 Bounds:IsValid=true, Min=(X=1410.000 Y=-100.000 Z=-433.815), Max=(X=4770.000 Y=3900.000 Z=690.000) RuntimeGrid:None EditorOnly:0 RuntimeOnly:0 HLODRelevant:0
 |   |   |- Guid:BE9059794D18148744929589DD8FBAA5 BaseClass: NativeClass:/Script/Engine.StaticMeshActor Name:StaticMeshActor_UAID_581122DD7C945D6F01_1330654784 Label:WallMMs2 SpatiallyLoaded:1 Bounds:IsValid=true, Min=(X=96.454 Y=3664.793 Z=1984.533), Max=(X=6096.269 Y=3715.207 Z=2090.327) RuntimeGrid:None EditorOnly:0 RuntimeOnly:0 HLODRelevant:1
 |   |   |- Guid:C14B3B1E41470FD9BF57BC9E67F804C0 BaseClass: NativeClass:/Script/Engine.StaticMeshActor Name:StaticMeshActor_UAID_581122DD7C946F6F01_2099569913 Label:cookies_CV2_122 SpatiallyLoaded:1 Bounds:IsValid=true, Min=(X=1976.300 Y=27.663 Z=414.418), Max=(X=2587.764 Y=646.189 Z=676.182) RuntimeGrid:None EditorOnly:0 RuntimeOnly:0 HLODRelevant:1
 |   |   |- Guid:C38196064A844BCF358815B9F8EF6BBE BaseClass: NativeClass:/Script/Engine.StaticMeshActor Name:StaticMeshActor_UAID_581122DD7C94FC7201_1450084898 Label:StaticMeshActor SpatiallyLoaded:1 Bounds:IsValid=true, Min=(X=1820.000 Y=1520.000 Z=650.000), Max=(X=1820.000 Y=1520.000 Z=650.000) RuntimeGrid:None EditorOnly:0 RuntimeOnly:0 HLODRelevant:0
 |   |   |- Guid:C3E56EBC4A9E347B8989B28A2F2C46EE BaseClass:/Game/BPs/Room/BP_Marshmallow.BP_Marshmallow_C NativeClass:/Script/Engine.Actor Name:StaticMeshActor_UAID_84699371839EBE7201_1822598984 Label:Marshmallow1 SpatiallyLoaded:1 Bounds:IsValid=true, Min=(X=-211.829 Y=-131.659 Z=-108.876), Max=(X=1858.779 Y=773.871 Z=653.275) RuntimeGrid:None EditorOnly:0 RuntimeOnly:0 HLODRelevant:1 FolderPath:Marshmallows FolderGuid:D14AABB849741A4C48BF7786BAAD9FA5
 |   |   |- Guid:C65D874C45D0AB7792C76F87574C737F BaseClass: NativeClass:/Script/Engine.StaticMeshActor Name:StaticMeshActor_UAID_581122DD7C94796F01_1348218699 Label:smore_Roundcube_003 SpatiallyLoaded:1 Bounds:IsValid=true, Min=(X=1948.047 Y=1877.513 Z=455.651), Max=(X=2471.621 Y=2401.911 Z=567.943) RuntimeGrid:None EditorOnly:0 RuntimeOnly:0 HLODRelevant:1
 |   |   |- Guid:CCEB3E8A42DB3F30F4200A8A715C9E2F BaseClass: NativeClass:/Script/Engine.AmbientSound Name:AmbientSound_UAID_581122DD7C944D7301_1767836151 Label:funky_base_music SpatiallyLoaded:1 Bounds:IsValid=true, Min=(X=1070.000 Y=1330.000 Z=960.000), Max=(X=1070.000 Y=1330.000 Z=960.000) RuntimeGrid:None EditorOnly:0 RuntimeOnly:0 HLODRelevant:0
 |   |   |- Guid:CCFF262C46EEFFDF319E7F9539CE697E BaseClass: NativeClass:/Script/Engine.SkyAtmosphere Name:SkyAtmosphere_0 Label:SkyAtmosphere SpatiallyLoaded:0 Bounds:IsValid=true, Min=(X=0.000 Y=0.000 Z=1020.000), Max=(X=0.000 Y=0.000 Z=1020.000) RuntimeGrid:None EditorOnly:0 RuntimeOnly:0 HLODRelevant:0 FolderPath:Lighting FolderGuid:963EC3EB4002CCE9759E2EBA541A873A
 |   |   |- Guid:CD7BDAB348BE6670FF6930A5B6A5AB3F BaseClass: NativeClass:/Script/Engine.StaticMeshActor Name:StaticMeshActor_UAID_581122DD7C94FC7201_1451135899 Label:StaticMeshActor2 SpatiallyLoaded:1 Bounds:IsValid=true, Min=(X=1880.000 Y=1550.000 Z=640.000), Max=(X=1880.000 Y=1550.000 Z=640.000) RuntimeGrid:None EditorOnly:0 RuntimeOnly:0 HLODRelevant:0
 |   |   |- Guid:D5AEDD77417E609CFD523B97886E2547 BaseClass: NativeClass:/Script/Engine.StaticMeshActor Name:StaticMeshActor_UAID_581122DD7C94776F01_1245075337 Label:Candies_FBX_bombom_t2_4 SpatiallyLoaded:1 Bounds:IsValid=true, Min=(X=100.340 Y=648.372 Z=1878.677), Max=(X=249.681 Y=832.297 Z=2062.602) RuntimeGrid:None EditorOnly:0 RuntimeOnly:0 HLODRelevant:1 FolderPath:WallChocolates FolderGuid:EAD82AEA4E8312B76E66FE9FB5F6F8FB
 |   |   |- Guid:D76DF2DB45FC3479DE4BD2AFDF93ACE6 BaseClass: NativeClass:/Script/Engine.StaticMeshActor Name:StaticMeshActor_UAID_581122DD7C94BE6E01_1103050760 Label:Floor2 SpatiallyLoaded:1 Bounds:IsValid=true, Min=(X=4450.000 Y=10.000 Z=-80.000), Max=(X=6250.000 Y=3710.000 Z=570.000) RuntimeGrid:None EditorOnly:0 RuntimeOnly:0 HLODRelevant:0 FolderPath:Puzzle Room FolderGuid:C73F09FC4215536B1DCE2A9E0A830C70
 |   |   |- Guid:E603E3614DE21699B0888490C1B2F7F0 BaseClass: NativeClass:/Script/Engine.StaticMeshActor Name:StaticMeshActor_UAID_581122DD7C94716F01_1577911268 Label:Back Wall SpatiallyLoaded:1 Bounds:IsValid=true, Min=(X=6100.000 Y=100.000 Z=-320.000), Max=(X=6200.000 Y=3700.000 Z=2155.000) RuntimeGrid:None EditorOnly:0 RuntimeOnly:0 HLODRelevant:1 FolderPath:Puzzle Room FolderGuid:C73F09FC4215536B1DCE2A9E0A830C70
 |   |   |- Guid:EABCF79F49D03C41493EF182648F1DF8 BaseClass: NativeClass:/Script/Engine.StaticMeshActor Name:StaticMeshActor_UAID_581122DD7C947F6F01_1136575730 Label:WallChocolates SpatiallyLoaded:1 Bounds:IsValid=true, Min=(X=5945.137 Y=197.703 Z=1845.115), Max=(X=6101.487 Y=3608.259 Z=2034.631) RuntimeGrid:None EditorOnly:0 RuntimeOnly:0 HLODRelevant:1
 |   |   |- Guid:EC4E0C944CE6AC6E784BC6BB2916EA13 BaseClass: NativeClass:/Script/Engine.StaticMeshActor Name:StaticMeshActor_UAID_A4AE111137DC5EFB00_1110535423 Label:SM_SkySphere SpatiallyLoaded:0 Bounds:IsValid=true, Min=(X=-1638400.000 Y=-1638400.000 Z=-1638400.000), Max=(X=1638400.000 Y=1638400.000 Z=1638400.000) RuntimeGrid:None EditorOnly:0 RuntimeOnly:0 HLODRelevant:1 FolderPath:Lighting FolderGuid:963EC3EB4002CCE9759E2EBA541A873A
 |   |   |- Guid:EE31E1BF43F5E7D53870A6A4B40DEAF0 BaseClass:/Game/BPs/Room/BP_Marshmallow.BP_Marshmallow_C NativeClass:/Script/Engine.Actor Name:StaticMeshActor_UAID_84699371839EBE7201_2064062986 Label:Marshmallow3 SpatiallyLoaded:1 Bounds:IsValid=true, Min=(X=-202.772 Y=-214.954 Z=-108.876), Max=(X=2125.947 Y=1552.837 Z=663.275) RuntimeGrid:None EditorOnly:0 RuntimeOnly:0 HLODRelevant:1 FolderPath:Marshmallows FolderGuid:D14AABB849741A4C48BF7786BAAD9FA5
 |   |   |- Guid:F1924B8D48954B30891B2DB6A694F9CC BaseClass: NativeClass:/Script/Engine.StaticMeshActor Name:StaticMeshActor_1 Label:Floor1 SpatiallyLoaded:1 Bounds:IsValid=true, Min=(X=40.000 Y=-0.571 Z=-80.000), Max=(X=1515.000 Y=3699.429 Z=570.000) RuntimeGrid:None EditorOnly:0 RuntimeOnly:0 HLODRelevant:1 FolderPath:Puzzle Room FolderGuid:C73F09FC4215536B1DCE2A9E0A830C70
 |   |   |- Guid:F506E69E4F19863762E3869A54F4BB5C BaseClass:/Game/BPs/Bugs/BookOfBugs.BookOfBugs_C NativeClass:/Script/Engine.Actor Name:StaticMeshActor_UAID_581122DD7C94F47201_2011793487 Label:M_StylizedBook_Low_M_StylizedBook SpatiallyLoaded:1 Bounds:IsValid=true, Min=(X=680.644 Y=90.644 Z=615.280), Max=(X=919.356 Y=329.356 Z=784.720) RuntimeGrid:None EditorOnly:0 RuntimeOnly:0 HLODRelevant:0
 |   |   |- Guid:F5E3FEB3450C49844FD93DA8E083C8AD BaseClass: NativeClass:/Script/Engine.PostProcessVolume Name:PostProcessVolume_0 Label:PostProcessVolume SpatiallyLoaded:0 Bounds:IsValid=true, Min=(X=0.000 Y=0.000 Z=400.000), Max=(X=200.000 Y=200.000 Z=600.000) RuntimeGrid:None EditorOnly:0 RuntimeOnly:0 HLODRelevant:0 FolderPath:Lighting FolderGuid:963EC3EB4002CCE9759E2EBA541A873A
 |   |   |- Guid:F70F4CAB4CB0FBC00E14E6861CF215AF BaseClass: NativeClass:/Script/Engine.StaticMeshActor Name:StaticMeshActor_UAID_581122DD7C94776F01_1173005333 Label:Candies_FBX_bombom_t3_2 SpatiallyLoaded:1 Bounds:IsValid=true, Min=(X=98.515 Y=3011.741 Z=1875.114), Max=(X=254.864 Y=3201.258 Z=2064.631) RuntimeGrid:None EditorOnly:0 RuntimeOnly:0 HLODRelevant:1 FolderPath:WallChocolates FolderGuid:EAD82AEA4E8312B76E66FE9FB5F6F8FB
 |   |   |- Guid:F77A641B42A4C877F564A78AE05C3878 BaseClass:/Game/BPs/Room/BP_Marshmallow.BP_Marshmallow_C NativeClass:/Script/Engine.Actor Name:StaticMeshActor_UAID_84699371839EBF7201_1212538163 Label:Marshmallow4 SpatiallyLoaded:1 Bounds:IsValid=true, Min=(X=-220.605 Y=-184.429 Z=-108.876), Max=(X=2559.573 Y=1792.882 Z=653.275) RuntimeGrid:None EditorOnly:0 RuntimeOnly:0 HLODRelevant:1 FolderPath:Marshmallows FolderGuid:D14AABB849741A4C48BF7786BAAD9FA5
 |   |   |- Guid:FBE974124139D796A4765FBC56A720B0 BaseClass:/Game/BPs/Room/BP_Marshmallow.BP_Marshmallow_C NativeClass:/Script/Engine.Actor Name:StaticMeshActor_UAID_84699371839EBF7201_1429026168 Label:Marshmallow9 SpatiallyLoaded:1 Bounds:IsValid=true, Min=(X=-220.605 Y=-184.429 Z=-108.876), Max=(X=4559.573 Y=2042.882 Z=653.275) RuntimeGrid:None EditorOnly:0 RuntimeOnly:0 HLODRelevant:1 FolderPath:Marshmallows FolderGuid:D14AABB849741A4C48BF7786BAAD9FA5
 |   |   |- Guid:FF698C67459ADB4982D7759C0905EE9F BaseClass: NativeClass:/Script/Engine.StaticMeshActor Name:StaticMeshActor_6 Label:Right Wall SpatiallyLoaded:1 Bounds:IsValid=true, Min=(X=0.000 Y=3700.000 Z=-320.000), Max=(X=6200.000 Y=3800.000 Z=2155.000) RuntimeGrid:None EditorOnly:0 RuntimeOnly:0 HLODRelevant:1 FolderPath:Puzzle Room FolderGuid:C73F09FC4215536B1DCE2A9E0A830C70
 |   |- [+] Clusters:
 |   |   |- [+] [  0]
 |   |   |   |- Guid:6BAF4DDD444C60371492D3919DB42C97 BaseClass: NativeClass:/Script/Engine.WorldDataLayers Name:WorldDataLayers Label:WorldDataLayers SpatiallyLoaded:0 Bounds:IsValid=true, Min=(X=0.000 Y=0.000 Z=0.000), Max=(X=0.000 Y=0.000 Z=0.000) RuntimeGrid:None EditorOnly:0 RuntimeOnly:0 HLODRelevant:0
 |   |   |- [+] [  1]
 |   |   |   |- Guid:18D7530C4CFDCB8DACD4E39D966717C7 BaseClass: NativeClass:/Script/Engine.StaticMeshActor Name:StaticMeshActor_UAID_581122DD7C94796F01_1348208698 Label:smore_Roundcube_002 SpatiallyLoaded:1 Bounds:IsValid=true, Min=(X=1941.626 Y=1866.392 Z=528.653), Max=(X=2465.200 Y=2390.790 Z=640.946) RuntimeGrid:None EditorOnly:0 RuntimeOnly:0 HLODRelevant:1
 |   |   |- [+] [  2]
 |   |   |   |- Guid:F5E3FEB3450C49844FD93DA8E083C8AD BaseClass: NativeClass:/Script/Engine.PostProcessVolume Name:PostProcessVolume_0 Label:PostProcessVolume SpatiallyLoaded:0 Bounds:IsValid=true, Min=(X=0.000 Y=0.000 Z=400.000), Max=(X=200.000 Y=200.000 Z=600.000) RuntimeGrid:None EditorOnly:0 RuntimeOnly:0 HLODRelevant:0 FolderPath:Lighting FolderGuid:963EC3EB4002CCE9759E2EBA541A873A
 |   |   |- [+] [  3]
 |   |   |   |- Guid:2925AB3F48CFF5ACD753118540F26172 BaseClass:/Game/BPs/Room/BP_Marshmallow.BP_Marshmallow_C NativeClass:/Script/Engine.Actor Name:StaticMeshActor_UAID_84699371839EBF7201_1350242166 Label:Marshmallow7 SpatiallyLoaded:1 Bounds:IsValid=true, Min=(X=-131.659 Y=-211.829 Z=-108.876), Max=(X=3566.475 Y=987.681 Z=653.275) RuntimeGrid:None EditorOnly:0 RuntimeOnly:0 HLODRelevant:1 FolderPath:Marshmallows FolderGuid:D14AABB849741A4C48BF7786BAAD9FA5
 |   |   |- [+] [  4]
 |   |   |   |- Guid:7164B5794C46B39B5077CFB54547AF54 BaseClass:/Game/BPs/Room/BP_ResetArea.BP_ResetArea_C NativeClass:/Script/Engine.Actor Name:BP_ResetArea_C_UAID_38F3AB932ED8797201_1233188839 Label:BP_ResetArea SpatiallyLoaded:1 Bounds:IsValid=true, Min=(X=3638.000 Y=2058.000 Z=3.600), Max=(X=3702.000 Y=2122.000 Z=16.400) RuntimeGrid:None EditorOnly:0 RuntimeOnly:0 HLODRelevant:0
 |   |   |- [+] [  5]
 |   |   |   |- Guid:A8C20A4C4CA6B9E6D98AA8870555CF4F BaseClass: NativeClass:/Script/Engine.StaticMeshActor Name:StaticMeshActor_UAID_581122DD7C94527301_1537259032 Label:cookies_Cookie_Jar_V1 SpatiallyLoaded:1 Bounds:IsValid=true, Min=(X=136.066 Y=3141.846 Z=636.250), Max=(X=672.757 Y=3678.537 Z=987.814) RuntimeGrid:None EditorOnly:0 RuntimeOnly:0 HLODRelevant:1
 |   |   |- [+] [  6]
 |   |   |   |- Guid:B41CB530466BEAA6865827A65E87642E BaseClass:/Game/BPs/Bugs/GrowBug.GrowBug_C NativeClass:/Script/Engine.Actor Name:GrowBug_C_UAID_38F3AB932ED8D66C01_1743230871 Label:GrowBug SpatiallyLoaded:1 Bounds:IsValid=true, Min=(X=1069.036 Y=2529.036 Z=590.131), Max=(X=1210.964 Y=2670.964 Z=729.869) RuntimeGrid:None EditorOnly:0 RuntimeOnly:0 HLODRelevant:0
 |   |   |- [+] [  7]
 |   |   |   |- Guid:CD7BDAB348BE6670FF6930A5B6A5AB3F BaseClass: NativeClass:/Script/Engine.StaticMeshActor Name:StaticMeshActor_UAID_581122DD7C94FC7201_1451135899 Label:StaticMeshActor2 SpatiallyLoaded:1 Bounds:IsValid=true, Min=(X=1880.000 Y=1550.000 Z=640.000), Max=(X=1880.000 Y=1550.000 Z=640.000) RuntimeGrid:None EditorOnly:0 RuntimeOnly:0 HLODRelevant:0
 |   |   |- [+] [  8]
 |   |   |   |- Guid:8AEDC75F450C0AEBDDCF05B1979F46B0 BaseClass:/Game/BPs/Room/BP_PeppermintHit.BP_PeppermintHit_C NativeClass:/Script/Engine.Actor Name:PeppermintHit_C_UAID_84699371839E786F01_1939502495 Label:PeppermintHit SpatiallyLoaded:1 Bounds:IsValid=true, Min=(X=1260.267 Y=1559.415 Z=628.000), Max=(X=1460.118 Y=1760.225 Z=695.003) RuntimeGrid:None EditorOnly:0 RuntimeOnly:0 HLODRelevant:0
 |   |   |- [+] [  9]
 |   |   |   |- Guid:B815D1444E2FEA9C6DDF2F904A96BDF9 BaseClass: NativeClass:/Script/Engine.StaticMeshActor Name:StaticMeshActor_UAID_581122DD7C94796F01_1348195697 Label:smore_Roundcube_001 SpatiallyLoaded:1 Bounds:IsValid=true, Min=(X=1914.148 Y=1840.934 Z=481.218), Max=(X=2499.112 Y=2427.392 Z=615.234) RuntimeGrid:None EditorOnly:0 RuntimeOnly:0 HLODRelevant:1
 |   |   |- [+] [ 10]
 |   |   |   |- Guid:F77A641B42A4C877F564A78AE05C3878 BaseClass:/Game/BPs/Room/BP_Marshmallow.BP_Marshmallow_C NativeClass:/Script/Engine.Actor Name:StaticMeshActor_UAID_84699371839EBF7201_1212538163 Label:Marshmallow4 SpatiallyLoaded:1 Bounds:IsValid=true, Min=(X=-220.605 Y=-184.429 Z=-108.876), Max=(X=2559.573 Y=1792.882 Z=653.275) RuntimeGrid:None EditorOnly:0 RuntimeOnly:0 HLODRelevant:1 FolderPath:Marshmallows FolderGuid:D14AABB849741A4C48BF7786BAAD9FA5
 |   |   |- [+] [ 11]
 |   |   |   |- Guid:77F8A2B14EAE68A8636143BCBD1DF560 BaseClass:/Game/BPs/Room/BP_Marshmallow.BP_Marshmallow_C NativeClass:/Script/Engine.Actor Name:StaticMeshActor_UAID_84699371839EBF7201_1381319167 Label:Marshmallow8 SpatiallyLoaded:1 Bounds:IsValid=true, Min=(X=-184.429 Y=-220.605 Z=-108.876), Max=(X=4194.997 Y=1305.577 Z=653.275) RuntimeGrid:None EditorOnly:0 RuntimeOnly:0 HLODRelevant:1 FolderPath:Marshmallows FolderGuid:D14AABB849741A4C48BF7786BAAD9FA5
 |   |   |- [+] [ 12]
 |   |   |   |- Guid:4D3BE93F4146AAAC8BBE79999D96D57F BaseClass: NativeClass:/Script/Engine.VolumetricCloud Name:VolumetricCloud_0 Label:VolumetricCloud SpatiallyLoaded:0 Bounds:IsValid=true, Min=(X=0.000 Y=0.000 Z=820.000), Max=(X=0.000 Y=0.000 Z=820.000) RuntimeGrid:None EditorOnly:0 RuntimeOnly:0 HLODRelevant:0 FolderPath:Lighting FolderGuid:963EC3EB4002CCE9759E2EBA541A873A
 |   |   |- [+] [ 13]
 |   |   |   |- Guid:9D6615B54C423FD01FF63B9C5BF15469 BaseClass: NativeClass:/Script/Engine.StaticMeshActor Name:StaticMeshActor_UAID_581122DD7C94606F01_1111870290 Label:ChocolateWall2 SpatiallyLoaded:1 Bounds:IsValid=true, Min=(X=105.056 Y=3687.644 Z=515.341), Max=(X=6108.228 Y=3709.477 Z=2089.691) RuntimeGrid:None EditorOnly:0 RuntimeOnly:0 HLODRelevant:1
 |   |   |- [+] [ 14]
 |   |   |   |- Guid:D5AEDD77417E609CFD523B97886E2547 BaseClass: NativeClass:/Script/Engine.StaticMeshActor Name:StaticMeshActor_UAID_581122DD7C94776F01_1245075337 Label:Candies_FBX_bombom_t2_4 SpatiallyLoaded:1 Bounds:IsValid=true, Min=(X=100.340 Y=648.372 Z=1878.677), Max=(X=249.681 Y=832.297 Z=2062.602) RuntimeGrid:None EditorOnly:0 RuntimeOnly:0 HLODRelevant:1 FolderPath:WallChocolates FolderGuid:EAD82AEA4E8312B76E66FE9FB5F6F8FB
 |   |   |- [+] [ 15]
 |   |   |   |- Guid:7B32618A4C033B18F408DDB5FD2161B1 BaseClass: NativeClass:/Script/Engine.StaticMeshActor Name:StaticMeshActor_UAID_581122DD7C945D6F01_1094062783 Label:WallMMs SpatiallyLoaded:1 Bounds:IsValid=true, Min=(X=101.731 Y=104.793 Z=1984.533), Max=(X=6101.546 Y=155.207 Z=2090.327) RuntimeGrid:None EditorOnly:0 RuntimeOnly:0 HLODRelevant:1
 |   |   |- [+] [ 16]
 |   |   |   |- Guid:C65D874C45D0AB7792C76F87574C737F BaseClass: NativeClass:/Script/Engine.StaticMeshActor Name:StaticMeshActor_UAID_581122DD7C94796F01_1348218699 Label:smore_Roundcube_003 SpatiallyLoaded:1 Bounds:IsValid=true, Min=(X=1948.047 Y=1877.513 Z=455.651), Max=(X=2471.621 Y=2401.911 Z=567.943) RuntimeGrid:None EditorOnly:0 RuntimeOnly:0 HLODRelevant:1
 |   |   |- [+] [ 17]
 |   |   |   |- Guid:2721C1C44835CF5F30CF9EBE5D154097 BaseClass:/Game/BPs/Bugs/GrowBug.GrowBug_C NativeClass:/Script/Engine.Actor Name:GrowBug_C_UAID_38F3AB932ED8D66C01_1747510873 Label:GrowBug3 SpatiallyLoaded:1 Bounds:IsValid=true, Min=(X=1013.183 Y=2783.183 Z=590.131), Max=(X=1206.817 Y=2976.817 Z=729.869) RuntimeGrid:None EditorOnly:0 RuntimeOnly:0 HLODRelevant:0
 |   |   |- [+] [ 18]
 |   |   |   |- Guid:EABCF79F49D03C41493EF182648F1DF8 BaseClass: NativeClass:/Script/Engine.StaticMeshActor Name:StaticMeshActor_UAID_581122DD7C947F6F01_1136575730 Label:WallChocolates SpatiallyLoaded:1 Bounds:IsValid=true, Min=(X=5945.137 Y=197.703 Z=1845.115), Max=(X=6101.487 Y=3608.259 Z=2034.631) RuntimeGrid:None EditorOnly:0 RuntimeOnly:0 HLODRelevant:1
 |   |   |- [+] [ 19]
 |   |   |   |- Guid:CCEB3E8A42DB3F30F4200A8A715C9E2F BaseClass: NativeClass:/Script/Engine.AmbientSound Name:AmbientSound_UAID_581122DD7C944D7301_1767836151 Label:funky_base_music SpatiallyLoaded:1 Bounds:IsValid=true, Min=(X=1070.000 Y=1330.000 Z=960.000), Max=(X=1070.000 Y=1330.000 Z=960.000) RuntimeGrid:None EditorOnly:0 RuntimeOnly:0 HLODRelevant:0
 |   |   |- [+] [ 20]
 |   |   |   |- Guid:CCFF262C46EEFFDF319E7F9539CE697E BaseClass: NativeClass:/Script/Engine.SkyAtmosphere Name:SkyAtmosphere_0 Label:SkyAtmosphere SpatiallyLoaded:0 Bounds:IsValid=true, Min=(X=0.000 Y=0.000 Z=1020.000), Max=(X=0.000 Y=0.000 Z=1020.000) RuntimeGrid:None EditorOnly:0 RuntimeOnly:0 HLODRelevant:0 FolderPath:Lighting FolderGuid:963EC3EB4002CCE9759E2EBA541A873A
 |   |   |- [+] [ 21]
 |   |   |   |- Guid:EC4E0C944CE6AC6E784BC6BB2916EA13 BaseClass: NativeClass:/Script/Engine.StaticMeshActor Name:StaticMeshActor_UAID_A4AE111137DC5EFB00_1110535423 Label:SM_SkySphere SpatiallyLoaded:0 Bounds:IsValid=true, Min=(X=-1638400.000 Y=-1638400.000 Z=-1638400.000), Max=(X=1638400.000 Y=1638400.000 Z=1638400.000) RuntimeGrid:None EditorOnly:0 RuntimeOnly:0 HLODRelevant:1 FolderPath:Lighting FolderGuid:963EC3EB4002CCE9759E2EBA541A873A
 |   |   |- [+] [ 22]
 |   |   |   |- Guid:322503214F06F2493AD2BD9EE6E0949A BaseClass:/Game/BPs/Room/BP_LollipopPendulum.BP_LollipopPendulum_C NativeClass:/Script/Engine.Actor Name:BP_LollipopPendulum_C_UAID_581122DD7C94256F01_1126420887 Label:BP_LollipopPendulum SpatiallyLoaded:1 Bounds:IsValid=true, Min=(X=3056.900 Y=1600.879 Z=561.900), Max=(X=3560.857 Y=2137.100 Z=2111.500) RuntimeGrid:None EditorOnly:0 RuntimeOnly:0 HLODRelevant:0
 |   |   |- [+] [ 23]
 |   |   |   |- Guid:0CD6D87246258D0A4353CC8515733625 BaseClass: NativeClass:/Script/Engine.StaticMeshActor Name:StaticMeshActor_UAID_581122DD7C94527301_1631642034 Label:cookies_Lid SpatiallyLoaded:1 Bounds:IsValid=true, Min=(X=51.737 Y=3244.544 Z=953.939), Max=(X=552.881 Y=3744.902 Z=1081.582) RuntimeGrid:None EditorOnly:0 RuntimeOnly:0 HLODRelevant:1
 |   |   |- [+] [ 24]
 |   |   |   |- Guid:5253BAEA4E1E33711DBF18A7845EBD6F BaseClass: NativeClass:/Script/Engine.DirectionalLight Name:DirectionalLight_UAID_581122DD7C94C16E01_1193342289 Label:DirectionalLight SpatiallyLoaded:0 Bounds:IsValid=true, Min=(X=-4398046511104.000 Y=-4398046511104.000 Z=-4398046511104.000), Max=(X=4398046511104.000 Y=4398046511104.000 Z=4398046511104.000) RuntimeGrid:None EditorOnly:0 RuntimeOnly:0 HLODRelevant:0 FolderPath:Lighting FolderGuid:963EC3EB4002CCE9759E2EBA541A873A
 |   |   |- [+] [ 25]
 |   |   |   |- Guid:D76DF2DB45FC3479DE4BD2AFDF93ACE6 BaseClass: NativeClass:/Script/Engine.StaticMeshActor Name:StaticMeshActor_UAID_581122DD7C94BE6E01_1103050760 Label:Floor2 SpatiallyLoaded:1 Bounds:IsValid=true, Min=(X=4450.000 Y=10.000 Z=-80.000), Max=(X=6250.000 Y=3710.000 Z=570.000) RuntimeGrid:None EditorOnly:0 RuntimeOnly:0 HLODRelevant:0 FolderPath:Puzzle Room FolderGuid:C73F09FC4215536B1DCE2A9E0A830C70
 |   |   |- [+] [ 26]
 |   |   |   |- Guid:21444719497E06DEBA136EA143B6FCBB BaseClass: NativeClass:/Script/Engine.StaticMeshActor Name:StaticMeshActor_UAID_581122DD7C94726F01_2000902448 Label:Candies_FBX_cereja_2 SpatiallyLoaded:1 Bounds:IsValid=true, Min=(X=3999.095 Y=66.789 Z=323.037), Max=(X=4529.910 Y=699.622 Z=1057.596) RuntimeGrid:None EditorOnly:0 RuntimeOnly:0 HLODRelevant:1
 |   |   |- [+] [ 27]
 |   |   |   |- Guid:0DDD12C64C035A9C55958189F8D6A1AF BaseClass:/Game/BPs/Bugs/LowGravityBug.LowGravityBug_C NativeClass:/Script/Engine.Actor Name:LowGravityBug_C_UAID_38F3AB932ED8B86E01_1195623710 Label:LowGravityBug3 SpatiallyLoaded:1 Bounds:IsValid=true, Min=(X=1979.679 Y=2017.855 Z=535.168), Max=(X=2210.919 Y=2258.375 Z=720.521) RuntimeGrid:None EditorOnly:0 RuntimeOnly:0 HLODRelevant:0
 |   |   |- [+] [ 28]
 |   |   |   |- Guid:978B42394F079F4949DD299DA3CDA9BD BaseClass: NativeClass:/Script/Engine.StaticMeshActor Name:StaticMeshActor_UAID_581122DD7C94786F01_1671829519 Label:Cakes_Slice SpatiallyLoaded:1 Bounds:IsValid=true, Min=(X=5540.967 Y=2996.941 Z=630.000), Max=(X=6076.178 Y=3664.562 Z=1272.867) RuntimeGrid:None EditorOnly:0 RuntimeOnly:0 HLODRelevant:1
 |   |   |- [+] [ 29]
 |   |   |   |- Guid:601FD98546C55F2C8652C88AA148E97A BaseClass: NativeClass:/Script/Engine.StaticMeshActor Name:StaticMeshActor_UAID_581122DD7C94776F01_1129121332 Label:Candies_FBX_bombom_t2_2 SpatiallyLoaded:1 Bounds:IsValid=true, Min=(X=100.340 Y=2558.372 Z=1878.677), Max=(X=249.681 Y=2742.297 Z=2062.602) RuntimeGrid:None EditorOnly:0 RuntimeOnly:0 HLODRelevant:1 FolderPath:WallChocolates FolderGuid:EAD82AEA4E8312B76E66FE9FB5F6F8FB
 |   |   |- [+] [ 30]
 |   |   |   |- Guid:A52AC8E84629584B09C365B162154BF0 BaseClass: NativeClass:/Script/Engine.StaticMeshActor Name:StaticMeshActor_UAID_581122DD7C94766F01_1394529155 Label:Candies_FBX_bombom_t3_1 SpatiallyLoaded:1 Bounds:IsValid=true, Min=(X=98.515 Y=191.741 Z=1875.114), Max=(X=254.864 Y=381.258 Z=2064.631) RuntimeGrid:None EditorOnly:0 RuntimeOnly:0 HLODRelevant:1 FolderPath:WallChocolates FolderGuid:EAD82AEA4E8312B76E66FE9FB5F6F8FB
 |   |   |- [+] [ 31]
 |   |   |   |- Guid:A13819B349DE5B130A1E3B889AC9CB94 BaseClass: NativeClass:/Script/Engine.StaticMeshActor Name:StaticMeshActor_UAID_581122DD7C945E6F01_1382664963 Label:CookieFloor SpatiallyLoaded:1 Bounds:IsValid=true, Min=(X=103.323 Y=100.247 Z=570.000), Max=(X=1542.830 Y=3699.753 Z=630.000) RuntimeGrid:None EditorOnly:0 RuntimeOnly:0 HLODRelevant:1
 |   |   |- [+] [ 32]
 |   |   |   |- Guid:316CF2A6494ACA4C0E4180A87D36AB8F BaseClass: NativeClass:/Script/Engine.ExponentialHeightFog Name:ExponentialHeightFog_0 Label:ExponentialHeightFog SpatiallyLoaded:0 Bounds:IsValid=true, Min=(X=-5600.000 Y=-50.000 Z=-6850.000), Max=(X=-5600.000 Y=-50.000 Z=-6850.000) RuntimeGrid:None EditorOnly:0 RuntimeOnly:0 HLODRelevant:0 FolderPath:Lighting FolderGuid:963EC3EB4002CCE9759E2EBA541A873A
 |   |   |- [+] [ 33]
 |   |   |   |- Guid:09D6EA2847E9D9166C3430AB98AF6D29 BaseClass: NativeClass:/Script/Engine.StaticMeshActor Name:StaticMeshActor_UAID_581122DD7C94726F01_1447752446 Label:Candies_FBX_bombom_t2_1 SpatiallyLoaded:1 Bounds:IsValid=true, Min=(X=100.340 Y=3418.372 Z=1878.677), Max=(X=249.681 Y=3602.297 Z=2062.602) RuntimeGrid:None EditorOnly:0 RuntimeOnly:0 HLODRelevant:1 FolderPath:WallChocolates FolderGuid:EAD82AEA4E8312B76E66FE9FB5F6F8FB
 |   |   |- [+] [ 34]
 |   |   |   |- Guid:76EA625B4BBA571B21DBD9932D44A6BF BaseClass: NativeClass:/Script/Engine.StaticMeshActor Name:StaticMeshActor_UAID_581122DD7C94FC7201_1216364896 Label:StaticMeshActor SpatiallyLoaded:1 Bounds:IsValid=true, Min=(X=2490.000 Y=1130.000 Z=640.000), Max=(X=2490.000 Y=1130.000 Z=640.000) RuntimeGrid:None EditorOnly:0 RuntimeOnly:0 HLODRelevant:0
 |   |   |- [+] [ 35]
 |   |   |   |- Guid:F506E69E4F19863762E3869A54F4BB5C BaseClass:/Game/BPs/Bugs/BookOfBugs.BookOfBugs_C NativeClass:/Script/Engine.Actor Name:StaticMeshActor_UAID_581122DD7C94F47201_2011793487 Label:M_StylizedBook_Low_M_StylizedBook SpatiallyLoaded:1 Bounds:IsValid=true, Min=(X=680.644 Y=90.644 Z=615.280), Max=(X=919.356 Y=329.356 Z=784.720) RuntimeGrid:None EditorOnly:0 RuntimeOnly:0 HLODRelevant:0
 |   |   |- [+] [ 36]
 |   |   |   |- Guid:F1924B8D48954B30891B2DB6A694F9CC BaseClass: NativeClass:/Script/Engine.StaticMeshActor Name:StaticMeshActor_1 Label:Floor1 SpatiallyLoaded:1 Bounds:IsValid=true, Min=(X=40.000 Y=-0.571 Z=-80.000), Max=(X=1515.000 Y=3699.429 Z=570.000) RuntimeGrid:None EditorOnly:0 RuntimeOnly:0 HLODRelevant:1 FolderPath:Puzzle Room FolderGuid:C73F09FC4215536B1DCE2A9E0A830C70
 |   |   |- [+] [ 37]
 |   |   |   |- Guid:FBE974124139D796A4765FBC56A720B0 BaseClass:/Game/BPs/Room/BP_Marshmallow.BP_Marshmallow_C NativeClass:/Script/Engine.Actor Name:StaticMeshActor_UAID_84699371839EBF7201_1429026168 Label:Marshmallow9 SpatiallyLoaded:1 Bounds:IsValid=true, Min=(X=-220.605 Y=-184.429 Z=-108.876), Max=(X=4559.573 Y=2042.882 Z=653.275) RuntimeGrid:None EditorOnly:0 RuntimeOnly:0 HLODRelevant:1 FolderPath:Marshmallows FolderGuid:D14AABB849741A4C48BF7786BAAD9FA5
 |   |   |- [+] [ 38]
 |   |   |   |- Guid:7C00BC754D1FDD824078C4B77CFBBF1C BaseClass: NativeClass:/Script/Engine.StaticMeshActor Name:StaticMeshActor_UAID_581122DD7C94527301_1824932036 Label:cookies_CV6_5 SpatiallyLoaded:1 Bounds:IsValid=true, Min=(X=223.211 Y=3216.489 Z=629.750), Max=(X=597.280 Y=3594.692 Z=727.870) RuntimeGrid:None EditorOnly:0 RuntimeOnly:0 HLODRelevant:1
 |   |   |- [+] [ 39]
 |   |   |   |- Guid:BD16B7524C345491E55BC48488642126 BaseClass:/Game/BPs/Room/BP_ChocolateRiver.BP_ChocolateRiver_C NativeClass:/Script/Engine.Actor Name:NiagaraActor_UAID_581122DD7C94046F01_1145549080 Label:HotChocolateRiver SpatiallyLoaded:1 Bounds:IsValid=true, Min=(X=1410.000 Y=-100.000 Z=-433.815), Max=(X=4770.000 Y=3900.000 Z=690.000) RuntimeGrid:None EditorOnly:0 RuntimeOnly:0 HLODRelevant:0
 |   |   |- [+] [ 40]
 |   |   |   |- Guid:2FB58999456391D349DC0F86DAC136ED BaseClass: NativeClass:/Script/Engine.SkyLight Name:SkyLight_1 Label:SkyLight SpatiallyLoaded:0 Bounds:IsValid=true, Min=(X=0.000 Y=0.000 Z=690.000), Max=(X=0.000 Y=0.000 Z=690.000) RuntimeGrid:None EditorOnly:0 RuntimeOnly:0 HLODRelevant:0 FolderPath:Lighting FolderGuid:963EC3EB4002CCE9759E2EBA541A873A
 |   |   |- [+] [ 41]
 |   |   |   |- Guid:BE9059794D18148744929589DD8FBAA5 BaseClass: NativeClass:/Script/Engine.StaticMeshActor Name:StaticMeshActor_UAID_581122DD7C945D6F01_1330654784 Label:WallMMs2 SpatiallyLoaded:1 Bounds:IsValid=true, Min=(X=96.454 Y=3664.793 Z=1984.533), Max=(X=6096.269 Y=3715.207 Z=2090.327) RuntimeGrid:None EditorOnly:0 RuntimeOnly:0 HLODRelevant:1
 |   |   |- [+] [ 42]
 |   |   |   |- Guid:39FCFDB34A35EAF604EDE9B6E7305719 BaseClass: NativeClass:/Script/Engine.StaticMeshActor Name:StaticMeshActor_UAID_581122DD7C94806F01_2041580909 Label:cookies_CV2_124 SpatiallyLoaded:1 Bounds:IsValid=true, Min=(X=3350.301 Y=2738.011 Z=380.105), Max=(X=4127.487 Y=3490.232 Z=735.836) RuntimeGrid:None EditorOnly:0 RuntimeOnly:0 HLODRelevant:1
 |   |   |- [+] [ 43]
 |   |   |   |- Guid:20F9A4D14992E5D9ACCEAB9CBEA67E18 BaseClass:/Game/BPs/Bugs/LowGravityBug.LowGravityBug_C NativeClass:/Script/Engine.Actor Name:LowGravityBug_C_UAID_38F3AB932ED8B86E01_1186860708 Label:LowGravityBug SpatiallyLoaded:1 Bounds:IsValid=true, Min=(X=2099.740 Y=1904.380 Z=527.324), Max=(X=2340.260 Y=2135.620 Z=712.676) RuntimeGrid:None EditorOnly:0 RuntimeOnly:0 HLODRelevant:0
 |   |   |- [+] [ 44]
 |   |   |   |- Guid:71A0AF034D37D979923AF78F6F279296 BaseClass:/Game/BPs/Room/BP_Marshmallow.BP_Marshmallow_C NativeClass:/Script/Engine.Actor Name:StaticMeshActor_UAID_84699371839EBE7201_2017560985 Label:Marshmallow2 SpatiallyLoaded:1 Bounds:IsValid=true, Min=(X=-219.553 Y=-160.481 Z=-108.876), Max=(X=1912.139 Y=1195.667 Z=663.275) RuntimeGrid:None EditorOnly:0 RuntimeOnly:0 HLODRelevant:1 FolderPath:Marshmallows FolderGuid:D14AABB849741A4C48BF7786BAAD9FA5
 |   |   |- [+] [ 45]
 |   |   |   |- Guid:E603E3614DE21699B0888490C1B2F7F0 BaseClass: NativeClass:/Script/Engine.StaticMeshActor Name:StaticMeshActor_UAID_581122DD7C94716F01_1577911268 Label:Back Wall SpatiallyLoaded:1 Bounds:IsValid=true, Min=(X=6100.000 Y=100.000 Z=-320.000), Max=(X=6200.000 Y=3700.000 Z=2155.000) RuntimeGrid:None EditorOnly:0 RuntimeOnly:0 HLODRelevant:1 FolderPath:Puzzle Room FolderGuid:C73F09FC4215536B1DCE2A9E0A830C70
 |   |   |- [+] [ 46]
 |   |   |   |- Guid:521CB1954D664D90AB42609793C62042 BaseClass: NativeClass:/Script/Engine.StaticMeshActor Name:StaticMeshActor_UAID_581122DD7C945E6F01_1469040964 Label:CookieFloor2 SpatiallyLoaded:1 Bounds:IsValid=true, Min=(X=4663.323 Y=100.247 Z=570.000), Max=(X=6102.830 Y=3699.753 Z=630.000) RuntimeGrid:None EditorOnly:0 RuntimeOnly:0 HLODRelevant:1
 |   |   |- [+] [ 47]
 |   |   |   |- Guid:A56216954B2165CF0F35A886B537D536 BaseClass: NativeClass:/Script/Engine.StaticMeshActor Name:StaticMeshActor_0 Label:Front Wall SpatiallyLoaded:1 Bounds:IsValid=true, Min=(X=-0.000 Y=100.000 Z=-320.000), Max=(X=100.000 Y=3700.000 Z=2155.000) RuntimeGrid:None EditorOnly:0 RuntimeOnly:0 HLODRelevant:1 FolderPath:Puzzle Room FolderGuid:C73F09FC4215536B1DCE2A9E0A830C70
 |   |   |- [+] [ 48]
 |   |   |   |- Guid:5987CE4B47AC111DAC98C1868F5BA75C BaseClass: NativeClass:/Script/Engine.StaticMeshActor Name:StaticMeshActor_UAID_581122DD7C94816F01_1114526086 Label:cookies_CV2_125 SpatiallyLoaded:1 Bounds:IsValid=true, Min=(X=2552.771 Y=2985.301 Z=223.695), Max=(X=3341.962 Y=3853.077 Z=756.487) RuntimeGrid:None EditorOnly:0 RuntimeOnly:0 HLODRelevant:1
 |   |   |- [+] [ 49]
 |   |   |   |- Guid:AD6F5A42411BB80FD5A8D2ABD43A5931 BaseClass: NativeClass:/Script/Engine.StaticMeshActor Name:StaticMeshActor_UAID_581122DD7C94726F01_1753425447 Label:Candies_FBX_cereja_1 SpatiallyLoaded:1 Bounds:IsValid=true, Min=(X=1892.913 Y=3059.776 Z=323.037), Max=(X=2179.480 Y=3625.059 Z=1057.596) RuntimeGrid:None EditorOnly:0 RuntimeOnly:0 HLODRelevant:1
 |   |   |- [+] [ 50]
 |   |   |   |- Guid:C14B3B1E41470FD9BF57BC9E67F804C0 BaseClass: NativeClass:/Script/Engine.StaticMeshActor Name:StaticMeshActor_UAID_581122DD7C946F6F01_2099569913 Label:cookies_CV2_122 SpatiallyLoaded:1 Bounds:IsValid=true, Min=(X=1976.300 Y=27.663 Z=414.418), Max=(X=2587.764 Y=646.189 Z=676.182) RuntimeGrid:None EditorOnly:0 RuntimeOnly:0 HLODRelevant:1
 |   |   |- [+] [ 51]
 |   |   |   |- Guid:C38196064A844BCF358815B9F8EF6BBE BaseClass: NativeClass:/Script/Engine.StaticMeshActor Name:StaticMeshActor_UAID_581122DD7C94FC7201_1450084898 Label:StaticMeshActor SpatiallyLoaded:1 Bounds:IsValid=true, Min=(X=1820.000 Y=1520.000 Z=650.000), Max=(X=1820.000 Y=1520.000 Z=650.000) RuntimeGrid:None EditorOnly:0 RuntimeOnly:0 HLODRelevant:0
 |   |   |- [+] [ 52]
 |   |   |   |- Guid:1E0610234EE29A4058074FB2A7441282 BaseClass: NativeClass:/Script/Engine.StaticMeshActor Name:StaticMeshActor_UAID_581122DD7C94C06E01_1728550111 Label:Ceiling SpatiallyLoaded:1 Bounds:IsValid=true, Min=(X=0.000 Y=0.000 Z=2090.000), Max=(X=6200.000 Y=3800.000 Z=2190.000) RuntimeGrid:None EditorOnly:0 RuntimeOnly:0 HLODRelevant:1 FolderPath:Puzzle Room FolderGuid:C73F09FC4215536B1DCE2A9E0A830C70
 |   |   |- [+] [ 53]
 |   |   |   |- Guid:EE31E1BF43F5E7D53870A6A4B40DEAF0 BaseClass:/Game/BPs/Room/BP_Marshmallow.BP_Marshmallow_C NativeClass:/Script/Engine.Actor Name:StaticMeshActor_UAID_84699371839EBE7201_2064062986 Label:Marshmallow3 SpatiallyLoaded:1 Bounds:IsValid=true, Min=(X=-202.772 Y=-214.954 Z=-108.876), Max=(X=2125.947 Y=1552.837 Z=663.275) RuntimeGrid:None EditorOnly:0 RuntimeOnly:0 HLODRelevant:1 FolderPath:Marshmallows FolderGuid:D14AABB849741A4C48BF7786BAAD9FA5
 |   |   |- [+] [ 54]
 |   |   |   |- Guid:84E277764DBE3D8BE7EDA1ADDF6D1D59 BaseClass:/Game/BPs/Bugs/LowGravityBug.LowGravityBug_C NativeClass:/Script/Engine.Actor Name:LowGravityBug_C_UAID_38F3AB932ED8B86E01_1190558709 Label:LowGravityBug2 SpatiallyLoaded:1 Bounds:IsValid=true, Min=(X=2180.000 Y=2127.324 Z=567.324), Max=(X=2340.000 Y=2312.676 Z=752.676) RuntimeGrid:None EditorOnly:0 RuntimeOnly:0 HLODRelevant:0
 |   |   |- [+] [ 55]
 |   |   |   |- Guid:17BF84554C955A02A26541AF9B79243F BaseClass: NativeClass:/Script/Engine.StaticMeshActor Name:StaticMeshActor_UAID_581122DD7C947B6F01_1859186024 Label:Cakes_Slice2 SpatiallyLoaded:1 Bounds:IsValid=true, Min=(X=5862.930 Y=134.322 Z=630.000), Max=(X=6221.387 Y=714.322 Z=1272.867) RuntimeGrid:None EditorOnly:0 RuntimeOnly:0 HLODRelevant:1
 |   |   |- [+] [ 56]
 |   |   |   |- Guid:F70F4CAB4CB0FBC00E14E6861CF215AF BaseClass: NativeClass:/Script/Engine.StaticMeshActor Name:StaticMeshActor_UAID_581122DD7C94776F01_1173005333 Label:Candies_FBX_bombom_t3_2 SpatiallyLoaded:1 Bounds:IsValid=true, Min=(X=98.515 Y=3011.741 Z=1875.114), Max=(X=254.864 Y=3201.258 Z=2064.631) RuntimeGrid:None EditorOnly:0 RuntimeOnly:0 HLODRelevant:1 FolderPath:WallChocolates FolderGuid:EAD82AEA4E8312B76E66FE9FB5F6F8FB
 |   |   |- [+] [ 57]
 |   |   |   |- Guid:8522CBF44F407F72B3F4A291EC5FFE28 BaseClass:/Game/BPs/Room/BP_Door.BP_Door_C NativeClass:/Script/Engine.Actor Name:BP_Door_C_UAID_38F3AB932ED85C7001_1451106623 Label:BP_Door SpatiallyLoaded:1 Bounds:IsValid=true, Min=(X=5745.977 Y=1616.048 Z=886.842), Max=(X=6454.023 Y=2223.952 Z=1498.043) RuntimeGrid:None EditorOnly:0 RuntimeOnly:0 HLODRelevant:0
 |   |   |- [+] [ 58]
 |   |   |   |- Guid:A7193C7E4BAE7756DEB797B4165B20DE BaseClass: NativeClass:/Script/Engine.StaticMeshActor Name:StaticMeshActor_UAID_581122DD7C94BE6E01_2142860762 Label:Floor3 SpatiallyLoaded:1 Bounds:IsValid=true, Min=(X=1295.000 Y=10.000 Z=-640.000), Max=(X=4520.000 Y=3710.000 Z=10.000) RuntimeGrid:None EditorOnly:0 RuntimeOnly:0 HLODRelevant:0 FolderPath:Puzzle Room FolderGuid:C73F09FC4215536B1DCE2A9E0A830C70
 |   |   |- [+] [ 59]
 |   |   |   |- Guid:BC08B79C4EA3C961CFF75EBBE83B367D BaseClass: NativeClass:/Script/Engine.StaticMeshActor Name:StaticMeshActor_5 Label:Left Wall SpatiallyLoaded:1 Bounds:IsValid=true, Min=(X=0.000 Y=0.000 Z=-320.000), Max=(X=6200.000 Y=100.000 Z=2155.000) RuntimeGrid:None EditorOnly:0 RuntimeOnly:0 HLODRelevant:1 FolderPath:Puzzle Room FolderGuid:C73F09FC4215536B1DCE2A9E0A830C70
 |   |   |- [+] [ 60]
 |   |   |   |- Guid:7E3A3A9E410444269D982E8281FBD94A BaseClass: NativeClass:/Script/Engine.StaticMeshActor Name:StaticMeshActor_UAID_581122DD7C945F6F01_2141517113 Label:ChocolateWall SpatiallyLoaded:1 Bounds:IsValid=true, Min=(X=87.462 Y=100.521 Z=515.341), Max=(X=6090.633 Y=122.355 Z=2089.691) RuntimeGrid:None EditorOnly:0 RuntimeOnly:0 HLODRelevant:1
 |   |   |- [+] [ 61]
 |   |   |   |- Guid:9ED8955A4B18BD726C4919A176CB82D3 BaseClass: NativeClass:/Script/Engine.StaticMeshActor Name:StaticMeshActor_UAID_581122DD7C94776F01_1232811335 Label:Candies_FBX_bombom_t2_3 SpatiallyLoaded:1 Bounds:IsValid=true, Min=(X=100.340 Y=1648.372 Z=1878.677), Max=(X=249.681 Y=1832.297 Z=2062.602) RuntimeGrid:None EditorOnly:0 RuntimeOnly:0 HLODRelevant:1 FolderPath:WallChocolates FolderGuid:EAD82AEA4E8312B76E66FE9FB5F6F8FB
 |   |   |- [+] [ 62]
 |   |   |   |- Guid:FF698C67459ADB4982D7759C0905EE9F BaseClass: NativeClass:/Script/Engine.StaticMeshActor Name:StaticMeshActor_6 Label:Right Wall SpatiallyLoaded:1 Bounds:IsValid=true, Min=(X=0.000 Y=3700.000 Z=-320.000), Max=(X=6200.000 Y=3800.000 Z=2155.000) RuntimeGrid:None EditorOnly:0 RuntimeOnly:0 HLODRelevant:1 FolderPath:Puzzle Room FolderGuid:C73F09FC4215536B1DCE2A9E0A830C70
 |   |   |- [+] [ 63]
 |   |   |   |- Guid:593A39714FF208D3AB368A8B4A64AEFC BaseClass:/Game/BPs/Room/BP_Marshmallow.BP_Marshmallow_C NativeClass:/Script/Engine.Actor Name:StaticMeshActor_UAID_84699371839EBF7201_1257983164 Label:Marshmallow5 SpatiallyLoaded:1 Bounds:IsValid=true, Min=(X=-160.482 Y=-219.553 Z=-108.876), Max=(X=2848.337 Y=1433.739 Z=653.275) RuntimeGrid:None EditorOnly:0 RuntimeOnly:0 HLODRelevant:1 FolderPath:Marshmallows FolderGuid:D14AABB849741A4C48BF7786BAAD9FA5
 |   |   |- [+] [ 64]
 |   |   |   |- Guid:3A00AA1C422CE54C0BDB60BAF471BFBB BaseClass: NativeClass:/Script/Engine.PlayerStart Name:PlayerStart_0 Label:PlayerStart SpatiallyLoaded:0 Bounds:IsValid=true, Min=(X=920.000 Y=2050.000 Z=660.013), Max=(X=1000.000 Y=2130.000 Z=844.013) RuntimeGrid:None EditorOnly:0 RuntimeOnly:0 HLODRelevant:0
 |   |   |- [+] [ 65]
 |   |   |   |- Guid:6DADBEDE43F91F9BC01561BB90E0801D BaseClass:/Game/BPs/Bugs/GrowBug.GrowBug_C NativeClass:/Script/Engine.Actor Name:GrowBug_C_UAID_38F3AB932ED8D66C01_1745495872 Label:GrowBug2 SpatiallyLoaded:1 Bounds:IsValid=true, Min=(X=350.131 Y=1690.131 Z=600.131), Max=(X=489.869 Y=1829.869 Z=739.869) RuntimeGrid:None EditorOnly:0 RuntimeOnly:0 HLODRelevant:0
 |   |   |- [+] [ 66]
 |   |   |   |- Guid:C3E56EBC4A9E347B8989B28A2F2C46EE BaseClass:/Game/BPs/Room/BP_Marshmallow.BP_Marshmallow_C NativeClass:/Script/Engine.Actor Name:StaticMeshActor_UAID_84699371839EBE7201_1822598984 Label:Marshmallow1 SpatiallyLoaded:1 Bounds:IsValid=true, Min=(X=-211.829 Y=-131.659 Z=-108.876), Max=(X=1858.779 Y=773.871 Z=653.275) RuntimeGrid:None EditorOnly:0 RuntimeOnly:0 HLODRelevant:1 FolderPath:Marshmallows FolderGuid:D14AABB849741A4C48BF7786BAAD9FA5
 |   |   |- [+] [ 67]
 |   |   |   |- Guid:2FBED35E41D9F9B819C31A97F57A2E92 BaseClass: NativeClass:/Script/Engine.StaticMeshActor Name:StaticMeshActor_UAID_581122DD7C94776F01_1239798336 Label:Candies_FBX_bombom_t3_4 SpatiallyLoaded:1 Bounds:IsValid=true, Min=(X=98.515 Y=1121.741 Z=1875.114), Max=(X=254.864 Y=1311.258 Z=2064.631) RuntimeGrid:None EditorOnly:0 RuntimeOnly:0 HLODRelevant:1 FolderPath:WallChocolates FolderGuid:EAD82AEA4E8312B76E66FE9FB5F6F8FB
 |   |   |- [+] [ 68]
 |   |   |   |- Guid:7B755803474299CFBD7A46ABA7335FEB BaseClass: NativeClass:/Script/Engine.StaticMeshActor Name:StaticMeshActor_UAID_581122DD7C94FC7201_1220089897 Label:StaticMeshActor2 SpatiallyLoaded:1 Bounds:IsValid=true, Min=(X=3310.000 Y=850.000 Z=580.000), Max=(X=3310.000 Y=850.000 Z=580.000) RuntimeGrid:None EditorOnly:0 RuntimeOnly:0 HLODRelevant:0
 |   |   |- [+] [ 69]
 |   |   |   |- Guid:BC7591B0466F741DBB9E808A4C038BCB BaseClass:/Game/BPs/Room/BP_Marshmallow.BP_Marshmallow_C NativeClass:/Script/Engine.Actor Name:StaticMeshActor_UAID_84699371839EBF7201_1297353165 Label:Marshmallow6 SpatiallyLoaded:1 Bounds:IsValid=true, Min=(X=-219.553 Y=-160.482 Z=-108.876), Max=(X=3042.139 Y=895.667 Z=653.275) RuntimeGrid:None EditorOnly:0 RuntimeOnly:0 HLODRelevant:1 FolderPath:Marshmallows FolderGuid:D14AABB849741A4C48BF7786BAAD9FA5
 |   |   |- [+] [ 70]
 |   |   |   |- Guid:02F8E85C434999BA5FD3FBAAAA32A392 BaseClass: NativeClass:/Script/Engine.StaticMeshActor Name:StaticMeshActor_UAID_581122DD7C94806F01_1952092908 Label:cookies_CV2_123 SpatiallyLoaded:1 Bounds:IsValid=true, Min=(X=2995.930 Y=3076.001 Z=307.780), Max=(X=3878.492 Y=3814.495 Z=918.139) RuntimeGrid:None EditorOnly:0 RuntimeOnly:0 HLODRelevant:1
 |   |   |- [+] [ 71]
 |   |   |   |- Guid:51F34DBA42A04219B4CAD7B50A3DC7AD BaseClass: NativeClass:/Script/Engine.StaticMeshActor Name:StaticMeshActor_UAID_581122DD7C94776F01_1205803334 Label:Candies_FBX_bombom_t3_3 SpatiallyLoaded:1 Bounds:IsValid=true, Min=(X=98.515 Y=2101.741 Z=1875.114), Max=(X=254.864 Y=2291.258 Z=2064.631) RuntimeGrid:None EditorOnly:0 RuntimeOnly:0 HLODRelevant:1 FolderPath:WallChocolates FolderGuid:EAD82AEA4E8312B76E66FE9FB5F6F8FB
 |- ContainerInstances:
 |- [+] MainContainer:
 |   |-        ID: 0x0000000000000000
 |   |-    Bounds: IsValid=false, Min=(X=0.000 Y=0.000 Z=0.000), Max=(X=0.000 Y=0.000 Z=0.000)
 |   |- Transform: 0.000000,0.000000,0.000000|0.000000,0.000000,-0.000000|1.000000,1.000000,1.000000
 |   |- Container: /Game/ThirdPerson/Maps/ThirdPersonMap
----------------------------------------------------------------------------------------------------------------
ThirdPersonMap - Persistent Level
----------------------------------------------------------------------------------------------------------------
Always loaded Actor Count: 79 

----------------------------------------------------------------------------------------------------------------
ThirdPersonMap - Runtime Spatial Hash - Streaming Grid - MainGrid
----------------------------------------------------------------------------------------------------------------
            Origin: X=0.000 Y=0.000 Z=0.000
         Cell Size: 12800
      World Bounds: IsValid=false, Min=(X=0.000 Y=0.000 Z=0.000), Max=(X=0.000 Y=0.000 Z=0.000)
     Loading Range: 25600.00
Block Slow Loading: No
 ClientOnlyVisible: No

[+] Grid Levels: 1
 |- Level  0: Cell Count    0 | Cell Size   12800 | Actor Count    0 (0.0%)

[+] Content of Grid Level 0

